[Exited with error]
	Error:ReferenceError: NothingEnum is undefined
		File:C:\Users\vlad\AppData\Roaming\Sublime Text 3\Packages\RunInIndesign\utils\test.jsx
		Line:2
[----------------]
[Exited with error]
	Error:ReferenceError: NothingEnum is undefined
		File:C:\Users\vlad\AppData\Roaming\Sublime Text 3\Packages\RunInIndesign\utils\test.jsx
		Line:2
[----------------]
[Exited with error]
	Error:ReferenceError: NothingEnum is undefined
		File:C:\Users\vlad\AppData\Roaming\Sublime Text 3\Packages\RunInIndesign\utils\test.jsx
		Line:2
[----------------]
[Exited with error]
	Error:ReferenceError: NothingEnum is undefined
		File:C:\Users\vlad\AppData\Roaming\Sublime Text 3\Packages\RunInIndesign\utils\test.jsx
		Line:2
[----------------]
[Exited with error]
	Error:ReferenceError: NothingEnum is undefined
		File:C:\Users\vlad\AppData\Roaming\Sublime Text 3\Packages\RunInIndesign\utils\test.jsx
		Line:2
[----------------]
[Exited with error]
	Error:ReferenceError: NothingEnum is undefined
		File:C:\Users\vlad\AppData\Roaming\Sublime Text 3\Packages\RunInIndesign\utils\test.jsx
		Line:2
[----------------]
[Exited with error]
	Error:ReferenceError: NothingEnum is undefined
		File:C:\Users\vlad\AppData\Roaming\Sublime Text 3\Packages\RunInIndesign\utils\test.jsx
		Line:2
[----------------]
[Exited with error]
	Error:ReferenceError: NothingEnum is undefined
		File:C:\Users\vlad\AppData\Roaming\Sublime Text 3\Packages\RunInIndesign\utils\test.jsx
		Line:2
[----------------]
[Exited with error]
	Error:ReferenceError: NothingEnum is undefined
		File:C:\Users\vlad\AppData\Roaming\Sublime Text 3\Packages\RunInIndesign\utils\test.jsx
		Line:2
[----------------]
[Exited with error]
	Error:ReferenceError: NothingEnum is undefined
		File:C:\Users\vlad\AppData\Roaming\Sublime Text 3\Packages\RunInIndesign\utils\test.jsx
		Line:2
[----------------]
[Exited with error]
	Error:ReferenceError: NothingEnum is undefined
		File:C:\Users\vlad\AppData\Roaming\Sublime Text 3\Packages\RunInIndesign\utils\test.jsx
		Line:2
[----------------]
[Exited with error]
	Error:ReferenceError: NothingEnum is undefined
		File:C:\Users\vlad\AppData\Roaming\Sublime Text 3\Packages\RunInIndesign\utils\test.jsx
		Line:2
[----------------]
[Exited with error]
	Error:ReferenceError: NothingEnum is undefined
		File:C:\Users\vlad\AppData\Roaming\Sublime Text 3\Packages\RunInIndesign\utils\test.jsx
		Line:2
[----------------]
[Exited with error]
  Error:ReferenceError: NothingEnum is undefined
    File:C:\Users\vlad\AppData\Roaming\Sublime Text 3\Packages\RunInIndesign\utils\test.jsx
    Line:2
[----------------]
[Exited with error]
  Error:ReferenceError: NothingEnum is undefined
    File:C:\Users\vlad\AppData\Roaming\Sublime Text 3\Packages\RunInIndesign\utils\test.jsx
    Line:2
[----------------]
[Exited with error]
  Error:ReferenceError: NothingEnum is undefined
    File:C:\Users\vlad\AppData\Roaming\Sublime Text 3\Packages\RunInIndesign\utils\test.jsx
    Line:2
[----------------]
[Exited with error]
  Error:ReferenceError: NothingEnum is undefined
    File:C:\Users\vlad\AppData\Roaming\Sublime Text 3\Packages\RunInIndesign\utils\test.jsx
    Line:2
[----------------]
[Exited with error]
  Error:ReferenceError: NothingEnum is undefined
    File:C:\Users\vlad\AppData\Roaming\Sublime Text 3\Packages\RunInIndesign\utils\test.jsx
    Line:2
[----------------]
